{
  "RSpec": {
    "coverage": {
      "/Users/andrew/dev/ruby/cloud-queues/lib/cloud-queues.rb": [
        1,
        null,
        1,
        1,
        1,
        null,
        1,
        1,
        1,
        1,
        1,
        1
      ],
      "/Users/andrew/dev/ruby/cloud-queues/lib/cloud-queues/client.rb": [
        1,
        1,
        null,
        1,
        1,
        1,
        null,
        1,
        1,
        null,
        1,
        null,
        10,
        7,
        null,
        4,
        null,
        14,
        4,
        null,
        null,
        1,
        34,
        34,
        null,
        null,
        1,
        2,
        2,
        null,
        null,
        1,
        3,
        null,
        3,
        null,
        1,
        1,
        null,
        null,
        null,
        1,
        5,
        5,
        null,
        5,
        4,
        4,
        4,
        null,
        null,
        1,
        1,
        null,
        null,
        5,
        null,
        5,
        58,
        5,
        null,
        null,
        5,
        2,
        null,
        null,
        30,
        5,
        4,
        null,
        4,
        4,
        4,
        null,
        4,
        null,
        null,
        1,
        266,
        72,
        null,
        null,
        266,
        null,
        266,
        266,
        266,
        266,
        266,
        266,
        null,
        266,
        null,
        266,
        null,
        266,
        266,
        null,
        1,
        null,
        null,
        null,
        1,
        1,
        null,
        1,
        null,
        null,
        1,
        1,
        1,
        1,
        null,
        null,
        264,
        264,
        null,
        null,
        null,
        null,
        264,
        null,
        null,
        1,
        52,
        52,
        13,
        7,
        null,
        45,
        45,
        null,
        null,
        52,
        null,
        52,
        null,
        12,
        null,
        12,
        12,
        null,
        12,
        22,
        11,
        null,
        11,
        null,
        11,
        11,
        11,
        null,
        null,
        12,
        12,
        null,
        null,
        52,
        null,
        null,
        1,
        null,
        null,
        null,
        1,
        11,
        11,
        11,
        11,
        null,
        null,
        null,
        null
      ],
      "/Users/andrew/dev/ruby/cloud-queues/lib/cloud-queues/queue.rb": [
        1,
        1,
        null,
        1,
        null,
        1,
        null,
        1,
        52,
        52,
        null,
        null,
        null,
        52,
        null,
        52,
        52,
        null,
        null,
        1,
        50,
        37,
        36,
        null,
        13,
        null,
        null,
        100,
        null,
        null,
        49,
        36,
        36,
        1,
        null,
        36,
        null,
        null,
        49,
        null,
        49,
        47,
        11,
        null,
        36,
        null,
        null,
        null,
        1,
        10,
        10,
        10,
        null,
        null,
        1,
        52,
        null,
        51,
        351,
        351,
        1,
        null,
        null,
        null,
        null,
        5,
        null,
        8,
        null,
        null,
        337,
        null,
        null,
        null,
        null,
        51,
        402,
        null,
        null,
        1,
        12,
        12,
        null,
        null,
        null,
        12,
        12,
        11,
        11,
        null,
        null,
        1,
        2,
        2,
        null,
        null,
        1,
        34,
        null,
        null,
        1,
        2,
        null,
        null,
        1,
        2,
        2,
        2,
        null,
        null,
        1,
        6,
        null,
        null,
        1,
        1,
        null,
        null,
        1,
        21,
        null,
        null,
        1,
        21,
        null,
        null,
        6,
        7,
        9,
        2,
        2,
        null,
        1,
        188,
        null,
        null,
        1,
        null,
        1,
        329,
        null,
        null,
        1,
        281,
        null,
        null,
        1,
        11,
        null,
        null,
        null,
        null
      ],
      "/Users/andrew/dev/ruby/cloud-queues/lib/cloud-queues/message.rb": [
        1,
        1,
        null,
        1,
        null,
        1,
        288,
        288,
        null,
        288,
        288,
        288,
        288,
        288,
        288,
        null,
        null,
        1,
        1,
        null,
        null,
        1,
        4,
        null,
        null,
        1,
        3,
        null,
        null,
        1,
        1,
        null,
        null,
        2,
        2,
        null,
        null,
        null,
        null,
        null,
        1,
        1,
        1,
        null,
        null,
        1,
        2,
        null,
        null,
        null,
        null
      ],
      "/Users/andrew/dev/ruby/cloud-queues/lib/cloud-queues/messages.rb": [
        1,
        1,
        1,
        null,
        1,
        null,
        1,
        null,
        1,
        62,
        62,
        null,
        62,
        null,
        null,
        1,
        52,
        null,
        null,
        1,
        3,
        null,
        null,
        1,
        3,
        3,
        3,
        1,
        1,
        null,
        2,
        null,
        null,
        null,
        null,
        null,
        null,
        null,
        1,
        null,
        1,
        22,
        11,
        null,
        null,
        null,
        null
      ],
      "/Users/andrew/dev/ruby/cloud-queues/lib/cloud-queues/claim.rb": [
        1,
        1,
        1,
        null,
        1,
        null,
        1,
        null,
        1,
        13,
        13,
        13,
        null,
        null,
        13,
        null,
        13,
        null,
        null,
        1,
        11,
        null,
        null,
        1,
        6,
        null,
        null,
        1,
        2,
        null,
        null,
        1,
        4,
        null,
        null,
        1,
        2,
        1,
        1,
        null,
        null,
        1,
        11,
        null,
        1,
        null,
        1,
        20,
        null,
        null,
        2,
        4,
        null,
        1,
        null,
        1,
        11,
        null,
        null,
        1,
        8,
        null,
        null,
        null,
        null
      ],
      "/Users/andrew/dev/ruby/cloud-queues/spec/examples_queues.rb": [
        1,
        6,
        6,
        6,
        6,
        12,
        null,
        null,
        null,
        null,
        12,
        null,
        null,
        null
      ],
      "/Users/andrew/dev/ruby/cloud-queues/spec/authenticated_context.rb": [
        1,
        1,
        null,
        1,
        1,
        null,
        1,
        1,
        null,
        null,
        1,
        46,
        46,
        3,
        null,
        null,
        1,
        3,
        3,
        3,
        null,
        null,
        null,
        1,
        5,
        44,
        null,
        null,
        null,
        null,
        null,
        null,
        null,
        null
      ],
      "/Users/andrew/dev/ruby/cloud-queues/spec/client_spec.rb": [
        1,
        1,
        null,
        1,
        1,
        1,
        null,
        null,
        null,
        1,
        1,
        null,
        1,
        2,
        null,
        null,
        1,
        2,
        null,
        null,
        1,
        2,
        null,
        null,
        1,
        null,
        2,
        null,
        null,
        1,
        1,
        1,
        null,
        null,
        1,
        1,
        null,
        null,
        1,
        1,
        1,
        1,
        null,
        null,
        1,
        1,
        1,
        1,
        null,
        1,
        1,
        null,
        null,
        null,
        1,
        1,
        1,
        null,
        1,
        null,
        1,
        1,
        null,
        null,
        1,
        1,
        null,
        null,
        null,
        1,
        1,
        null,
        null,
        1,
        1,
        null,
        null,
        1,
        1,
        null,
        null,
        1,
        1,
        1,
        1,
        1,
        null,
        null,
        null,
        1,
        1,
        1,
        null,
        null,
        null,
        1,
        1,
        null,
        null,
        null,
        1,
        1,
        1,
        1,
        null,
        null
      ],
      "/Users/andrew/dev/ruby/cloud-queues/spec/message_spec.rb": [
        1,
        1,
        null,
        1,
        1,
        null,
        1,
        1,
        5,
        5,
        5,
        5,
        null,
        null,
        1,
        1,
        1,
        1,
        null,
        null,
        1,
        1,
        1,
        null,
        null,
        1,
        1,
        1,
        null,
        1,
        1,
        null,
        null,
        1,
        1,
        null,
        null,
        1,
        1,
        1,
        null,
        null,
        null,
        null,
        1,
        5,
        null,
        null,
        null
      ],
      "/Users/andrew/dev/ruby/cloud-queues/spec/messages_spec.rb": [
        1,
        1,
        null,
        1,
        1,
        null,
        1,
        5,
        5,
        5,
        5,
        null,
        5,
        5,
        null,
        null,
        1,
        1,
        1,
        null,
        null,
        1,
        1,
        6,
        1,
        null,
        null,
        1,
        1,
        null,
        null,
        1,
        1,
        1,
        null,
        null,
        1,
        1,
        1,
        1,
        1,
        null,
        null,
        null,
        6,
        null,
        null
      ],
      "/Users/andrew/dev/ruby/cloud-queues/spec/queue_spec.rb": [
        1,
        1,
        null,
        1,
        1,
        null,
        1,
        22,
        22,
        null,
        null,
        1,
        1,
        1,
        null,
        null,
        1,
        1,
        null,
        null,
        1,
        1,
        null,
        null,
        1,
        1,
        1,
        1,
        1,
        1,
        null,
        null,
        1,
        1,
        null,
        null,
        1,
        1,
        1,
        1,
        null,
        1,
        1,
        1,
        null,
        1,
        1,
        1,
        null,
        null,
        1,
        1,
        1,
        null,
        null,
        1,
        2,
        1,
        null,
        null,
        1,
        2,
        1,
        null,
        null,
        1,
        2,
        null,
        null,
        null,
        1,
        2,
        1,
        null,
        null,
        1,
        2,
        1,
        null,
        null,
        1,
        2,
        1,
        null,
        null,
        1,
        4,
        1,
        null,
        1,
        1,
        1,
        null,
        null,
        1,
        1,
        1,
        1,
        1,
        null,
        null,
        null,
        1,
        1,
        null,
        1,
        1,
        1,
        1,
        1,
        null,
        1,
        1,
        null,
        null,
        1,
        23,
        null,
        null,
        null,
        1,
        1,
        27,
        null,
        null,
        1,
        1,
        1,
        null,
        null,
        1,
        1,
        1,
        null,
        null,
        1,
        1,
        1,
        1,
        null,
        null,
        null,
        null,
        1,
        2,
        null,
        1,
        1,
        1,
        1,
        null,
        null,
        null,
        1,
        null,
        null,
        null,
        1,
        32,
        32,
        31,
        null,
        null,
        1,
        null,
        null,
        null,
        null,
        23,
        null,
        null
      ]
    },
    "timestamp": 1383584684
  }
}
