{
  "RSpec": {
    "coverage": {
      "/Users/andrew/dev/ruby/cloud-queues/lib/cloud-queues.rb": [
        1,
        null,
        1,
        1,
        1,
        null,
        1,
        1,
        1,
        1,
        1
      ],
      "/Users/andrew/dev/ruby/cloud-queues/lib/cloud-queues/client.rb": [
        1,
        1,
        null,
        1,
        1,
        1,
        null,
        1,
        1,
        null,
        1,
        null,
        10,
        7,
        null,
        4,
        null,
        14,
        4,
        null,
        null,
        1,
        29,
        29,
        null,
        null,
        1,
        2,
        2,
        null,
        null,
        1,
        3,
        null,
        3,
        null,
        1,
        1,
        null,
        null,
        null,
        1,
        5,
        5,
        null,
        5,
        4,
        4,
        4,
        null,
        null,
        1,
        1,
        null,
        null,
        5,
        null,
        5,
        58,
        5,
        null,
        null,
        5,
        2,
        null,
        null,
        30,
        5,
        4,
        null,
        4,
        4,
        4,
        null,
        4,
        null,
        null,
        1,
        218,
        62,
        null,
        null,
        218,
        null,
        218,
        218,
        218,
        218,
        218,
        218,
        null,
        218,
        null,
        218,
        null,
        218,
        218,
        null,
        1,
        null,
        null,
        null,
        1,
        1,
        null,
        1,
        null,
        null,
        1,
        1,
        1,
        1,
        null,
        null,
        216,
        216,
        null,
        null,
        null,
        null,
        216,
        null,
        null,
        1,
        26,
        26,
        5,
        2,
        null,
        24,
        24,
        null,
        null,
        26,
        null,
        26,
        null,
        5,
        null,
        5,
        null,
        5,
        18,
        9,
        null,
        9,
        null,
        9,
        9,
        null,
        null,
        5,
        null,
        null,
        26,
        null,
        null,
        1,
        null,
        null,
        null,
        1,
        9,
        9,
        9,
        9,
        null,
        null,
        null,
        null
      ],
      "/Users/andrew/dev/ruby/cloud-queues/lib/cloud-queues/queue.rb": [
        1,
        1,
        null,
        1,
        null,
        1,
        null,
        1,
        43,
        43,
        null,
        null,
        null,
        43,
        null,
        43,
        43,
        null,
        null,
        1,
        24,
        19,
        18,
        null,
        5,
        null,
        null,
        48,
        null,
        null,
        23,
        18,
        18,
        1,
        null,
        18,
        null,
        null,
        23,
        null,
        23,
        22,
        null,
        null,
        1,
        10,
        10,
        10,
        null,
        null,
        1,
        42,
        null,
        41,
        251,
        251,
        1,
        null,
        null,
        null,
        null,
        5,
        null,
        8,
        null,
        null,
        237,
        null,
        null,
        null,
        null,
        41,
        292,
        null,
        null,
        1,
        12,
        12,
        null,
        null,
        null,
        12,
        12,
        11,
        11,
        null,
        null,
        1,
        2,
        2,
        null,
        null,
        1,
        29,
        null,
        null,
        1,
        2,
        null,
        null,
        1,
        2,
        2,
        2,
        null,
        null,
        1,
        6,
        null,
        null,
        1,
        1,
        null,
        null,
        1,
        21,
        null,
        null,
        1,
        21,
        null,
        null,
        6,
        7,
        9,
        2,
        2,
        null,
        1,
        147,
        null,
        null,
        1,
        null,
        1,
        233,
        null,
        null,
        1,
        11,
        null,
        null,
        null,
        null
      ],
      "/Users/andrew/dev/ruby/cloud-queues/lib/cloud-queues/message.rb": [
        1,
        1,
        null,
        1,
        null,
        1,
        197,
        197,
        null,
        197,
        197,
        197,
        197,
        197,
        197,
        null,
        null,
        1,
        1,
        null,
        null,
        1,
        4,
        null,
        null,
        1,
        3,
        null,
        null,
        1,
        1,
        null,
        null,
        2,
        2,
        null,
        null,
        null,
        null,
        null,
        1,
        1,
        1,
        null,
        null,
        1,
        2,
        null,
        null,
        null,
        null
      ],
      "/Users/andrew/dev/ruby/cloud-queues/lib/cloud-queues/claim.rb": [
        1,
        1,
        1,
        null,
        1,
        null,
        1,
        null,
        1,
        13,
        13,
        13,
        null,
        null,
        13,
        null,
        13,
        null,
        null,
        1,
        7,
        null,
        null,
        1,
        6,
        null,
        null,
        1,
        2,
        null,
        null,
        1,
        4,
        11,
        null,
        null,
        1,
        2,
        1,
        1,
        null,
        null,
        1,
        11,
        null,
        1,
        null,
        1,
        20,
        null,
        null,
        2,
        4,
        null,
        1,
        null,
        1,
        8,
        null,
        null,
        null,
        null
      ],
      "/Users/andrew/dev/ruby/cloud-queues/spec/examples_queues.rb": [
        1,
        6,
        6,
        6,
        6,
        12,
        null,
        null,
        null,
        null,
        12,
        null,
        null,
        null
      ],
      "/Users/andrew/dev/ruby/cloud-queues/spec/authenticated_context.rb": [
        1,
        1,
        null,
        1,
        1,
        null,
        1,
        1,
        null,
        null,
        1,
        41,
        41,
        3,
        null,
        null,
        1,
        3,
        3,
        3,
        null,
        null,
        null,
        1,
        4,
        39,
        null,
        null,
        null,
        null,
        null,
        null,
        null,
        null
      ],
      "/Users/andrew/dev/ruby/cloud-queues/spec/client_spec.rb": [
        1,
        1,
        null,
        1,
        1,
        1,
        null,
        null,
        null,
        1,
        1,
        null,
        1,
        2,
        null,
        null,
        1,
        2,
        null,
        null,
        1,
        2,
        null,
        null,
        1,
        null,
        2,
        null,
        null,
        1,
        1,
        1,
        null,
        null,
        1,
        1,
        null,
        null,
        1,
        1,
        1,
        1,
        null,
        null,
        1,
        1,
        1,
        1,
        null,
        1,
        1,
        null,
        null,
        null,
        1,
        1,
        1,
        null,
        1,
        null,
        1,
        1,
        null,
        null,
        1,
        1,
        null,
        null,
        null,
        1,
        1,
        null,
        null,
        1,
        1,
        null,
        null,
        1,
        1,
        null,
        null,
        1,
        1,
        1,
        1,
        1,
        null,
        null,
        null,
        1,
        1,
        1,
        null,
        null,
        null,
        1,
        1,
        null,
        null,
        null,
        1,
        1,
        1,
        1,
        null,
        null
      ],
      "/Users/andrew/dev/ruby/cloud-queues/spec/message_spec.rb": [
        1,
        1,
        null,
        1,
        1,
        null,
        1,
        1,
        5,
        5,
        5,
        5,
        null,
        null,
        1,
        1,
        1,
        1,
        null,
        null,
        1,
        1,
        1,
        null,
        null,
        1,
        1,
        1,
        null,
        1,
        1,
        null,
        null,
        1,
        1,
        null,
        null,
        1,
        1,
        1,
        null,
        null,
        null,
        null,
        1,
        5,
        null,
        null,
        null
      ],
      "/Users/andrew/dev/ruby/cloud-queues/spec/queue_spec.rb": [
        1,
        1,
        null,
        1,
        1,
        null,
        1,
        22,
        22,
        null,
        null,
        1,
        1,
        1,
        null,
        null,
        1,
        1,
        null,
        null,
        1,
        1,
        null,
        null,
        1,
        1,
        1,
        1,
        1,
        1,
        null,
        null,
        1,
        1,
        null,
        null,
        1,
        1,
        1,
        1,
        null,
        1,
        1,
        1,
        null,
        1,
        1,
        1,
        null,
        null,
        1,
        1,
        1,
        null,
        null,
        1,
        2,
        1,
        null,
        null,
        1,
        2,
        1,
        null,
        null,
        1,
        2,
        null,
        null,
        null,
        1,
        2,
        1,
        null,
        null,
        1,
        2,
        1,
        null,
        null,
        1,
        2,
        1,
        null,
        null,
        1,
        4,
        1,
        null,
        1,
        1,
        1,
        null,
        null,
        1,
        1,
        1,
        1,
        1,
        null,
        null,
        null,
        1,
        1,
        null,
        1,
        1,
        1,
        1,
        1,
        null,
        1,
        1,
        null,
        null,
        1,
        23,
        null,
        null,
        null,
        1,
        1,
        27,
        null,
        null,
        1,
        1,
        1,
        null,
        null,
        1,
        1,
        1,
        null,
        null,
        1,
        1,
        1,
        1,
        null,
        null,
        null,
        null,
        1,
        2,
        null,
        1,
        1,
        1,
        1,
        null,
        null,
        null,
        1,
        null,
        null,
        null,
        1,
        14,
        14,
        13,
        null,
        null,
        1,
        null,
        null,
        null,
        null,
        23,
        null,
        null
      ]
    },
    "timestamp": 1383410260
  }
}
